TN:
SF:src/lib/appState.svelte.ts
FN:62,(anonymous_0)
FN:65,(anonymous_1)
FN:68,(anonymous_2)
FN:74,formatMoney
FN:89,(anonymous_4)
FN:90,(anonymous_5)
FN:91,(anonymous_6)
FN:97,(anonymous_7)
FN:99,(anonymous_8)
FN:103,(anonymous_9)
FN:112,(anonymous_10)
FN:114,(anonymous_11)
FN:115,(anonymous_12)
FN:119,(anonymous_13)
FN:120,(anonymous_14)
FN:123,(anonymous_15)
FN:129,(anonymous_16)
FN:141,(anonymous_17)
FN:147,(anonymous_18)
FN:160,(anonymous_19)
FN:164,(anonymous_20)
FN:169,(anonymous_21)
FN:178,(anonymous_22)
FN:179,(anonymous_23)
FN:181,(anonymous_24)
FN:182,(anonymous_25)
FN:184,(anonymous_26)
FN:185,(anonymous_27)
FN:188,(anonymous_28)
FN:191,(anonymous_29)
FN:191,(anonymous_30)
FN:193,(anonymous_31)
FN:196,(anonymous_32)
FN:196,(anonymous_33)
FN:199,(anonymous_34)
FN:202,(anonymous_35)
FN:202,(anonymous_36)
FN:204,(anonymous_37)
FN:207,(anonymous_38)
FN:207,(anonymous_39)
FN:210,(anonymous_40)
FN:211,(anonymous_41)
FN:216,(anonymous_42)
FN:218,(anonymous_43)
FN:231,(anonymous_44)
FN:234,(anonymous_45)
FN:234,(anonymous_46)
FN:241,(anonymous_47)
FN:256,(anonymous_48)
FN:348,(anonymous_49)
FN:352,(anonymous_50)
FN:353,(anonymous_51)
FN:362,(anonymous_52)
FN:364,(anonymous_53)
FN:368,(anonymous_54)
FN:380,(anonymous_55)
FN:387,(anonymous_56)
FN:397,(anonymous_57)
FN:402,(anonymous_58)
FN:414,(anonymous_59)
FN:429,(anonymous_60)
FN:485,(anonymous_61)
FN:494,(anonymous_62)
FNF:63
FNH:56
FNDA:7,(anonymous_0)
FNDA:7,(anonymous_1)
FNDA:7,(anonymous_2)
FNDA:5,formatMoney
FNDA:156,(anonymous_4)
FNDA:1398,(anonymous_5)
FNDA:304,(anonymous_6)
FNDA:43,(anonymous_7)
FNDA:52,(anonymous_8)
FNDA:436,(anonymous_9)
FNDA:33,(anonymous_10)
FNDA:231,(anonymous_11)
FNDA:166,(anonymous_12)
FNDA:9,(anonymous_13)
FNDA:63,(anonymous_14)
FNDA:4,(anonymous_15)
FNDA:29,(anonymous_16)
FNDA:18,(anonymous_17)
FNDA:16,(anonymous_18)
FNDA:25,(anonymous_19)
FNDA:5,(anonymous_20)
FNDA:35,(anonymous_21)
FNDA:6,(anonymous_22)
FNDA:4,(anonymous_23)
FNDA:1,(anonymous_24)
FNDA:7,(anonymous_25)
FNDA:1,(anonymous_26)
FNDA:7,(anonymous_27)
FNDA:1,(anonymous_28)
FNDA:3,(anonymous_29)
FNDA:2,(anonymous_30)
FNDA:0,(anonymous_31)
FNDA:0,(anonymous_32)
FNDA:0,(anonymous_33)
FNDA:1,(anonymous_34)
FNDA:3,(anonymous_35)
FNDA:2,(anonymous_36)
FNDA:0,(anonymous_37)
FNDA:0,(anonymous_38)
FNDA:0,(anonymous_39)
FNDA:1,(anonymous_40)
FNDA:1,(anonymous_41)
FNDA:0,(anonymous_42)
FNDA:1,(anonymous_43)
FNDA:1,(anonymous_44)
FNDA:1,(anonymous_45)
FNDA:1,(anonymous_46)
FNDA:4,(anonymous_47)
FNDA:9,(anonymous_48)
FNDA:3,(anonymous_49)
FNDA:3,(anonymous_50)
FNDA:3,(anonymous_51)
FNDA:3,(anonymous_52)
FNDA:1,(anonymous_53)
FNDA:8,(anonymous_54)
FNDA:3,(anonymous_55)
FNDA:2,(anonymous_56)
FNDA:1,(anonymous_57)
FNDA:1,(anonymous_58)
FNDA:9,(anonymous_59)
FNDA:8,(anonymous_60)
FNDA:18,(anonymous_61)
FNDA:2,(anonymous_62)
DA:47,1
DA:50,1
DA:60,1
DA:62,7
DA:65,7
DA:68,7
DA:75,5
DA:85,1
DA:86,1
DA:89,76
DA:90,76
DA:91,76
DA:97,76
DA:99,76
DA:104,436
DA:105,433
DA:106,2
DA:108,431
DA:113,33
DA:114,231
DA:115,166
DA:120,63
DA:124,4
DA:130,29
DA:131,28
DA:132,28
DA:133,29
DA:134,1
DA:135,1
DA:136,1
DA:137,25
DA:142,18
DA:148,16
DA:149,16
DA:150,13
DA:151,13
DA:152,13
DA:153,13
DA:154,12
DA:155,12
DA:161,25
DA:165,5
DA:166,5
DA:167,5
DA:168,5
DA:169,5
DA:170,35
DA:171,35
DA:172,35
DA:178,6
DA:179,4
DA:182,7
DA:185,7
DA:189,1
DA:190,1
DA:191,3
DA:194,0
DA:195,0
DA:196,0
DA:200,1
DA:201,1
DA:202,3
DA:205,0
DA:206,0
DA:207,0
DA:211,1
DA:212,1
DA:213,1
DA:216,0
DA:219,1
DA:220,1
DA:221,1
DA:222,1
DA:223,1
DA:224,1
DA:225,365
DA:226,365
DA:228,1
DA:232,1
DA:233,1
DA:234,1
DA:235,1
DA:236,1
DA:242,4
DA:243,4
DA:244,4
DA:245,4
DA:246,51
DA:247,51
DA:248,51
DA:249,51
DA:250,51
DA:251,51
DA:253,4
DA:257,9
DA:259,9
DA:260,4
DA:261,4
DA:262,4
DA:263,4
DA:264,4
DA:266,4
DA:274,2
DA:277,2
DA:278,2
DA:279,2
DA:280,2
DA:283,2
DA:286,2
DA:289,2
DA:291,2
DA:299,1
DA:300,1
DA:301,1
DA:303,1
DA:304,18
DA:307,18
DA:308,18
DA:309,18
DA:310,18
DA:311,18
DA:314,18
DA:315,18
DA:316,18
DA:318,18
DA:319,0
DA:320,0
DA:322,18
DA:323,18
DA:324,18
DA:328,1
DA:331,5
DA:332,3
DA:333,3
DA:334,4
DA:335,4
DA:336,4
DA:338,3
DA:339,1
DA:340,1
DA:341,1
DA:343,3
DA:344,3
DA:345,1
DA:349,3
DA:350,3
DA:352,3
DA:353,3
DA:357,2
DA:362,3
DA:364,1
DA:369,8
DA:370,8
DA:371,8
DA:372,6
DA:373,6
DA:374,6
DA:375,6
DA:376,8
DA:377,8
DA:381,3
DA:382,3
DA:383,3
DA:384,3
DA:389,2
DA:390,2
DA:391,2
DA:392,2
DA:393,2
DA:394,2
DA:398,1
DA:399,1
DA:403,1
DA:404,1
DA:415,9
DA:416,1
DA:417,8
DA:418,8
DA:419,8
DA:420,8
DA:421,8
DA:430,8
DA:432,6
DA:433,6
DA:436,6
DA:438,5
DA:439,5
DA:441,5
DA:444,5
DA:445,5
DA:447,5
DA:448,8
DA:449,8
DA:450,8
DA:452,8
DA:453,6
DA:457,6
DA:463,6
DA:464,6
DA:466,6
DA:467,5
DA:468,5
DA:469,5
DA:471,5
DA:472,5
DA:473,5
DA:474,5
DA:478,8
DA:481,5
DA:482,5
DA:486,18
DA:495,2
DA:496,2
DA:497,2
DA:498,2
DA:499,2
DA:504,1
LF:217
LH:208
BRDA:62,0,0,7
BRDA:62,0,1,6
BRDA:65,1,0,7
BRDA:65,1,1,6
BRDA:68,2,0,7
BRDA:68,2,1,6
BRDA:74,3,0,5
BRDA:104,4,0,3
BRDA:104,4,1,433
BRDA:105,5,0,2
BRDA:105,5,1,431
BRDA:124,6,0,3
BRDA:124,6,1,1
BRDA:130,7,0,1
BRDA:130,7,1,28
BRDA:132,8,0,28
BRDA:132,8,1,0
BRDA:133,9,0,1
BRDA:133,9,1,1
BRDA:133,9,2,1
BRDA:133,9,3,25
BRDA:149,10,0,3
BRDA:149,10,1,13
BRDA:149,11,0,16
BRDA:149,11,1,15
BRDA:153,12,0,1
BRDA:153,12,1,12
BRDA:155,13,0,12
BRDA:155,13,1,10
BRDA:168,14,0,1
BRDA:168,14,1,4
BRDA:178,15,0,6
BRDA:178,15,1,3
BRDA:179,16,0,4
BRDA:179,16,1,2
BRDA:182,17,0,7
BRDA:182,17,1,5
BRDA:185,18,0,7
BRDA:185,18,1,5
BRDA:212,19,0,1
BRDA:212,19,1,0
BRDA:225,20,0,261
BRDA:225,20,1,104
BRDA:235,21,0,1
BRDA:235,21,1,0
BRDA:241,22,0,4
BRDA:250,23,0,51
BRDA:250,23,1,50
BRDA:251,24,0,51
BRDA:251,24,1,51
BRDA:259,25,0,4
BRDA:259,25,1,5
BRDA:266,26,0,2
BRDA:266,26,1,2
BRDA:266,27,0,4
BRDA:266,27,1,4
BRDA:266,27,2,4
BRDA:291,28,0,1
BRDA:291,28,1,1
BRDA:309,29,0,0
BRDA:309,29,1,18
BRDA:310,30,0,0
BRDA:310,30,1,18
BRDA:318,31,0,0
BRDA:318,31,1,18
BRDA:331,32,0,3
BRDA:331,32,1,2
BRDA:335,33,0,3
BRDA:335,33,1,1
BRDA:340,34,0,0
BRDA:340,34,1,1
BRDA:344,35,0,1
BRDA:344,35,1,2
BRDA:357,36,0,1
BRDA:357,36,1,1
BRDA:362,37,0,3
BRDA:362,37,1,1
BRDA:371,38,0,2
BRDA:371,38,1,6
BRDA:371,39,0,8
BRDA:371,39,1,6
BRDA:375,40,0,6
BRDA:375,40,1,4
BRDA:376,41,0,8
BRDA:376,41,1,4
BRDA:383,42,0,3
BRDA:383,42,1,1
BRDA:392,43,0,2
BRDA:392,43,1,0
BRDA:393,44,0,2
BRDA:393,44,1,0
BRDA:416,45,0,1
BRDA:416,45,1,8
BRDA:417,46,0,8
BRDA:417,46,1,0
BRDA:418,47,0,8
BRDA:418,47,1,0
BRDA:419,48,0,8
BRDA:419,48,1,0
BRDA:420,49,0,6
BRDA:420,49,1,2
BRDA:430,50,0,2
BRDA:430,50,1,6
BRDA:430,51,0,8
BRDA:430,51,1,6
BRDA:430,51,2,6
BRDA:436,52,0,1
BRDA:436,52,1,5
BRDA:439,53,0,0
BRDA:439,53,1,5
BRDA:452,54,0,6
BRDA:452,54,1,2
BRDA:466,55,0,5
BRDA:466,55,1,1
BRDA:472,56,0,5
BRDA:472,56,1,5
BRDA:473,57,0,5
BRDA:473,57,1,5
BRDA:481,58,0,4
BRDA:481,58,1,1
BRF:120
BRH:107
end_of_record
TN:
SF:src/lib/notifications.svelte.ts
FN:13,(anonymous_0)
FN:15,(anonymous_1)
FN:26,(anonymous_2)
FN:30,(anonymous_3)
FN:31,(anonymous_4)
FNF:5
FNH:5
FNDA:119,(anonymous_0)
FNDA:27,(anonymous_1)
FNDA:1,(anonymous_2)
FNDA:5,(anonymous_3)
FNDA:7,(anonymous_4)
DA:9,1
DA:10,1
DA:13,14
DA:16,27
DA:18,27
DA:21,27
DA:22,2
DA:25,27
DA:26,25
DA:31,7
DA:36,1
LF:11
LH:11
BRDA:15,0,0,27
BRDA:15,1,0,27
BRDA:15,2,0,27
BRDA:21,3,0,2
BRDA:21,3,1,25
BRDA:25,4,0,25
BRDA:25,4,1,2
BRF:7
BRH:7
end_of_record
TN:
SF:src/lib/platform.ts
FN:5,(anonymous_0)
FN:15,getPlatform
FN:27,isDesktop
FN:32,isWeb
FN:37,onDesktop
FN:43,onWeb
FNF:6
FNH:6
FNDA:2,(anonymous_0)
FNDA:6,getPlatform
FNDA:3,isDesktop
FNDA:2,isWeb
FNDA:1,onDesktop
FNDA:1,onWeb
DA:5,2
DA:6,2
DA:7,2
DA:16,6
DA:17,6
DA:20,0
DA:21,0
DA:23,0
DA:28,3
DA:33,2
DA:38,1
DA:39,1
DA:44,1
DA:45,0
LF:14
LH:10
BRDA:5,0,0,2
BRDA:5,0,1,2
BRDA:16,1,0,6
BRDA:16,1,1,0
BRDA:20,2,0,0
BRDA:20,2,1,0
BRDA:20,3,0,0
BRDA:20,3,1,0
BRDA:38,4,0,0
BRDA:38,4,1,1
BRDA:44,5,0,1
BRDA:44,5,1,0
BRF:12
BRH:5
end_of_record
TN:
SF:src/lib/storage.ts
FN:16,(anonymous_0)
FN:23,(anonymous_1)
FN:28,(anonymous_2)
FNF:3
FNH:3
FNDA:9,(anonymous_0)
FNDA:8,(anonymous_1)
FNDA:2,(anonymous_2)
DA:17,9
DA:18,9
DA:19,9
DA:20,7
DA:24,8
DA:25,8
DA:29,2
DA:30,2
DA:43,1
LF:9
LH:9
BRDA:17,0,0,0
BRDA:17,0,1,9
BRDA:19,1,0,2
BRDA:19,1,1,7
BRDA:24,2,0,0
BRDA:24,2,1,8
BRDA:29,3,0,0
BRDA:29,3,1,2
BRDA:43,4,0,0
BRDA:43,4,1,1
BRF:10
BRH:6
end_of_record
